{"chatId":540612093,"level":"info","message":"j","timestamp":"2025-07-30T09:02:53.682Z","type":"INCOMING_MESSAGE","userId":540612093,"username":"Natink48"}
{"chatId":540612093,"level":"info","message":"you up","timestamp":"2025-07-30T09:02:53.685Z","type":"INCOMING_MESSAGE","userId":540612093,"username":"Natink48"}
{"chatId":540612093,"level":"info","message":"hey","timestamp":"2025-07-30T09:02:53.686Z","type":"INCOMING_MESSAGE","userId":540612093,"username":"Natink48"}
{"chatId":540612093,"level":"info","message":"hey","timestamp":"2025-07-30T09:02:53.687Z","type":"INCOMING_MESSAGE","userId":540612093,"username":"Natink48"}
{"chatId":540612093,"level":"info","message":"het","timestamp":"2025-07-30T09:02:53.687Z","type":"INCOMING_MESSAGE","userId":540612093,"username":"Natink48"}
{"chatId":540612093,"level":"info","message":"hey","timestamp":"2025-07-30T09:02:53.688Z","type":"INCOMING_MESSAGE","userId":540612093,"username":"Natink48"}
{"chatId":540612093,"level":"info","message":"hey","timestamp":"2025-07-30T09:02:53.689Z","type":"INCOMING_MESSAGE","userId":540612093,"username":"Natink48"}
{"chatId":540612093,"level":"info","message":"hey","timestamp":"2025-07-30T09:02:53.690Z","type":"INCOMING_MESSAGE","userId":540612093,"username":"Natink48"}
{"chatId":540612093,"level":"info","message":"hey","timestamp":"2025-07-30T09:02:53.691Z","type":"INCOMING_MESSAGE","userId":540612093,"username":"Natink48"}
{"chatId":540612093,"level":"info","message":"?","timestamp":"2025-07-30T09:02:53.692Z","type":"INCOMING_MESSAGE","userId":540612093,"username":"Natink48"}
{"chatId":540612093,"level":"info","message":"hey","timestamp":"2025-07-30T09:02:53.693Z","type":"INCOMING_MESSAGE","userId":540612093,"username":"Natink48"}
{"chatId":540612093,"chunkNumber":4000,"level":"info","message":"Hey there! What's up?","messageLength":21,"timestamp":"2025-07-30T09:02:55.180Z","totalChunks":1,"type":"OUTGOING_MESSAGE"}
{"chatId":540612093,"chunkNumber":4000,"level":"info","message":"Hey there! How can I help you today?","messageLength":36,"timestamp":"2025-07-30T09:02:55.311Z","totalChunks":1,"type":"OUTGOING_MESSAGE"}
{"chatId":540612093,"chunkNumber":4000,"level":"info","message":"Hey there! What's up?","messageLength":21,"timestamp":"2025-07-30T09:02:55.420Z","totalChunks":1,"type":"OUTGOING_MESSAGE"}
{"chatId":540612093,"chunkNumber":4000,"level":"info","message":"Hey there! How can I help you today?","messageLength":36,"timestamp":"2025-07-30T09:02:55.449Z","totalChunks":1,"type":"OUTGOING_MESSAGE"}
{"chatId":540612093,"chunkNumber":4000,"level":"info","message":"Hey there! What's up?","messageLength":21,"timestamp":"2025-07-30T09:02:55.802Z","totalChunks":1,"type":"OUTGOING_MESSAGE"}
{"chatId":540612093,"chunkNumber":4000,"level":"info","message":"Hey there! What's up?","messageLength":21,"timestamp":"2025-07-30T09:02:56.169Z","totalChunks":1,"type":"OUTGOING_MESSAGE"}
{"chatId":540612093,"chunkNumber":4000,"level":"info","message":"Could you please tell me more about what you're interested in, or what \"j\" refers to? I'm ready to help!","messageLength":104,"timestamp":"2025-07-30T09:02:56.327Z","totalChunks":1,"type":"OUTGOING_MESSAGE"}
{"chatId":540612093,"chunkNumber":4000,"level":"info","message":"Hey there! How can I help you today?","messageLength":36,"timestamp":"2025-07-30T09:02:57.379Z","totalChunks":1,"type":"OUTGOING_MESSAGE"}
{"chatId":540612093,"chunkNumber":4000,"level":"info","message":"A question mark usually indicates that something is unclear or that you have a question.\n\nHowever, I need more context to understand what you're asking about or what you're confused by.\n\nPlease provide more details, and I'll do my best to help!","messageLength":244,"timestamp":"2025-07-30T09:02:58.528Z","totalChunks":1,"type":"OUTGOING_MESSAGE"}
{"chatId":540612093,"chunkNumber":4000,"level":"info","message":"\"Het\" is a Dutch word.\n\nIt has two main uses:\n\n1.  **As a definite article (like \"the\")**: It's used before singular neuter nouns.\n    *   Voorbeeld (Example): **Het** huis (The house), **het** kind (the child), **het** boek (the book).\n\n2.  **As a pronoun (like \"it\")**:\n    *   Voorbeeld (Example): **Het** regent (It's raining), Ik zie **het** (I see it), Is **het** waar? (Is it true?).\n\nWas there something specific you wanted to know or discuss about \"het\"?","messageLength":463,"timestamp":"2025-07-30T09:02:59.505Z","totalChunks":1,"type":"OUTGOING_MESSAGE"}
{"chatId":540612093,"level":"info","message":"hey","timestamp":"2025-07-30T09:03:31.985Z","type":"INCOMING_MESSAGE","userId":540612093,"username":"Natink48"}
{"chatId":540612093,"level":"info","message":"hey","timestamp":"2025-07-30T09:04:20.771Z","type":"INCOMING_MESSAGE","userId":540612093,"username":"Natink48"}
{"chatId":540612093,"level":"info","message":"hey","timestamp":"2025-07-30T09:05:55.061Z","type":"INCOMING_MESSAGE","userId":540612093,"username":"Natink48"}
{"chatId":540612093,"level":"info","message":"hey","timestamp":"2025-07-30T09:05:55.066Z","type":"INCOMING_MESSAGE","userId":540612093,"username":"Natink48"}
{"chatId":540612093,"level":"info","message":"hey","timestamp":"2025-07-30T09:05:55.067Z","type":"INCOMING_MESSAGE","userId":540612093,"username":"Natink48"}
{"chatId":540612093,"level":"info","message":"hey","timestamp":"2025-07-30T09:05:55.068Z","type":"INCOMING_MESSAGE","userId":540612093,"username":"Natink48"}
{"chatId":540612093,"level":"info","message":"hey","timestamp":"2025-07-30T09:05:55.068Z","type":"INCOMING_MESSAGE","userId":540612093,"username":"Natink48"}
{"chatId":540612093,"chunkNumber":4000,"level":"info","message":"Hey there! How can I help you today?","messageLength":36,"timestamp":"2025-07-30T09:05:56.754Z","totalChunks":1,"type":"OUTGOING_MESSAGE"}
{"chatId":540612093,"chunkNumber":4000,"level":"info","message":"Hey there! What's up?","messageLength":21,"timestamp":"2025-07-30T09:05:56.780Z","totalChunks":1,"type":"OUTGOING_MESSAGE"}
{"chatId":540612093,"chunkNumber":4000,"level":"info","message":"Hey there! How can I help you today?","messageLength":36,"timestamp":"2025-07-30T09:05:57.680Z","totalChunks":1,"type":"OUTGOING_MESSAGE"}
{"chatId":540612093,"chunkNumber":4000,"level":"info","message":"Hey there! What's up? How can I help you today?","messageLength":47,"timestamp":"2025-07-30T09:05:58.142Z","totalChunks":1,"type":"OUTGOING_MESSAGE"}
{"chatId":540612093,"chunkNumber":4000,"level":"info","message":"Hey there! What can I do for you today?","messageLength":39,"timestamp":"2025-07-30T09:05:58.633Z","totalChunks":1,"type":"OUTGOING_MESSAGE"}
{"chatId":540612093,"level":"info","message":"hey","timestamp":"2025-07-30T09:06:05.973Z","type":"INCOMING_MESSAGE","userId":540612093,"username":"Natink48"}
{"chatId":540612093,"chunkNumber":4000,"level":"info","message":"Hey there! What's up?","messageLength":21,"timestamp":"2025-07-30T09:06:07.570Z","totalChunks":1,"type":"OUTGOING_MESSAGE"}
{"chatId":540612093,"level":"info","message":"hey","timestamp":"2025-07-30T09:07:30.288Z","type":"INCOMING_MESSAGE","userId":540612093,"username":"Natink48"}
{"chatId":540612093,"chunkNumber":4000,"level":"info","message":"Hey there! How can I help you today?","messageLength":36,"timestamp":"2025-07-30T09:07:34.164Z","totalChunks":1,"type":"OUTGOING_MESSAGE"}
{"chatId":540612093,"level":"info","message":"hey","timestamp":"2025-07-30T09:07:50.782Z","type":"INCOMING_MESSAGE","userId":540612093,"username":"Natink48"}
{"chatId":540612093,"chunkNumber":4000,"level":"info","message":"Hey there! How can I help you today?","messageLength":36,"timestamp":"2025-07-30T09:07:53.571Z","totalChunks":1,"type":"OUTGOING_MESSAGE"}
